<?xml version="1.0" encoding="UTF-8"?>
<testsuite name="edu.jsu.mcis.TicTacToeTest" tests="7" skipped="0" failures="0" errors="0" timestamp="2015-09-10T00:09:11" hostname="MSI" time="0.011">
  <properties/>
  <testcase name="testGameIsOverByTieIfAllLocationsAreFilled" classname="edu.jsu.mcis.TicTacToeTest" time="0.009"/>
  <testcase name="testGameIsWonByXHorizontallyAcrossTopRow" classname="edu.jsu.mcis.TicTacToeTest" time="0.0"/>
  <testcase name="testMarkXInUpperRightCorner" classname="edu.jsu.mcis.TicTacToeTest" time="0.0"/>
  <testcase name="testMarkOInBottomLeftCorner" classname="edu.jsu.mcis.TicTacToeTest" time="0.0"/>
  <testcase name="testInitialBoardIsEmpty" classname="edu.jsu.mcis.TicTacToeTest" time="0.0"/>
  <testcase name="testGameIsNotOverAfterTheFirstMark" classname="edu.jsu.mcis.TicTacToeTest" time="0.001"/>
  <testcase name="testUnableToMarkOverExistingMark" classname="edu.jsu.mcis.TicTacToeTest" time="0.0"/>
  <system-out><![CDATA[]]></system-out>
  <system-err><![CDATA[]]></system-err>
</testsuite>
